0 info it worked if it ends with ok
1 verbose cli [ '/usr/bin/node', '/usr/bin/npm', 'install', 'ngCordova' ]
2 info using npm@1.4.28
3 info using node@v0.10.37
4 verbose node symlink /usr/bin/node
5 warn package.json myapp@1.1.1 No repository field.
6 verbose readDependencies using package.json deps
7 verbose cache add [ 'ngCordova', null ]
8 verbose cache add name=undefined spec="ngCordova" args=["ngCordova",null]
9 verbose parsed url { protocol: null,
9 verbose parsed url   slashes: null,
9 verbose parsed url   auth: null,
9 verbose parsed url   host: null,
9 verbose parsed url   port: null,
9 verbose parsed url   hostname: null,
9 verbose parsed url   hash: null,
9 verbose parsed url   search: null,
9 verbose parsed url   query: null,
9 verbose parsed url   pathname: 'ngCordova',
9 verbose parsed url   path: 'ngCordova',
9 verbose parsed url   href: 'ngCordova' }
10 silly lockFile c4cc40e6-ngCordova ngCordova
11 verbose lock ngCordova /home/gajendra/.npm/c4cc40e6-ngCordova.lock
12 silly lockFile c4cc40e6-ngCordova ngCordova
13 silly lockFile c4cc40e6-ngCordova ngCordova
14 verbose addNamed [ 'ngCordova', '' ]
15 verbose addNamed [ null, '*' ]
16 silly lockFile e8f61dac-ngCordova ngCordova@
17 verbose lock ngCordova@ /home/gajendra/.npm/e8f61dac-ngCordova.lock
18 silly addNameRange { name: 'ngCordova', range: '*', hasData: false }
19 verbose request where is /ngCordova
20 verbose request registry https://registry.npmjs.org/
21 verbose request id c216c2a97c9dcd3b
22 verbose url raw /ngCordova
23 verbose url resolving [ 'https://registry.npmjs.org/', './ngCordova' ]
24 verbose url resolved https://registry.npmjs.org/ngCordova
25 verbose request where is https://registry.npmjs.org/ngCordova
26 info trying registry request attempt 1 at 01:48:18
27 http GET https://registry.npmjs.org/ngCordova
28 http 404 https://registry.npmjs.org/ngCordova
29 silly registry.get cb [ 404,
29 silly registry.get   { 'content-type': 'application/json',
29 silly registry.get     'cache-control': 'max-age=0',
29 silly registry.get     'content-length': '2',
29 silly registry.get     'accept-ranges': 'bytes',
29 silly registry.get     date: 'Tue, 01 Mar 2016 20:18:39 GMT',
29 silly registry.get     via: '1.1 varnish',
29 silly registry.get     age: '0',
29 silly registry.get     connection: 'keep-alive',
29 silly registry.get     'x-served-by': 'cache-sin6926-SIN',
29 silly registry.get     'x-cache': 'MISS',
29 silly registry.get     'x-cache-hits': '0',
29 silly registry.get     'x-timer': 'S1456863519.246709,VS0,VE244' } ]
30 silly lockFile e8f61dac-ngCordova ngCordova@
31 silly lockFile e8f61dac-ngCordova ngCordova@
32 error 404 Not Found
32 error 404
32 error 404 'ngCordova' is not in the npm registry.
32 error 404 You should bug the author to publish it
32 error 404 It was specified as a dependency of 'myapp'
32 error 404
32 error 404 Note that you can also install from a
32 error 404 tarball, folder, or http url, or git url.
33 error System Linux 3.13.0-61-generic
34 error command "/usr/bin/node" "/usr/bin/npm" "install" "ngCordova"
35 error cwd /home/gajendra/ionic/F27C
36 error node -v v0.10.37
37 error npm -v 1.4.28
38 error code E404
39 verbose exit [ 1, true ]
